The system is: Linux - 4.19.128-microsoft-standard - x86_64
Compiling the C compiler identification source file "CMakeCCompilerId.c" succeeded.
Compiler: /usr/bin/cc 
Build flags: 
Id flags:  

The output was:
0


Compilation of the C compiler identification source "CMakeCCompilerId.c" produced "a.out"

The C compiler identification is GNU, found in "/mnt/c/Users/Lukas/CLionProjects/vs/cmake-build-debug/CMakeFiles/3.17.5/CompilerIdC/a.out"

Compiling the CXX compiler identification source file "CMakeCXXCompilerId.cpp" succeeded.
Compiler: /usr/bin/c++ 
Build flags: 
Id flags:  

The output was:
0


Compilation of the CXX compiler identification source "CMakeCXXCompilerId.cpp" produced "a.out"

The CXX compiler identification is GNU, found in "/mnt/c/Users/Lukas/CLionProjects/vs/cmake-build-debug/CMakeFiles/3.17.5/CompilerIdCXX/a.out"

Determining if the C compiler works passed with the following output:
Change Dir: /mnt/c/Users/Lukas/CLionProjects/vs/cmake-build-debug/CMakeFiles/CMakeTmp

Run Build Command(s):/usr/bin/make cmTC_48370/fast && /usr/bin/make  -f CMakeFiles/cmTC_48370.dir/build.make CMakeFiles/cmTC_48370.dir/build
make[1]: Entering directory '/mnt/c/Users/Lukas/CLionProjects/vs/cmake-build-debug/CMakeFiles/CMakeTmp'
Building C object CMakeFiles/cmTC_48370.dir/testCCompiler.c.o
/usr/bin/cc    -o CMakeFiles/cmTC_48370.dir/testCCompiler.c.o   -c /mnt/c/Users/Lukas/CLionProjects/vs/cmake-build-debug/CMakeFiles/CMakeTmp/testCCompiler.c
Linking C executable cmTC_48370
/opt/cmake-3.17.5-Linux-x86_64/bin/cmake -E cmake_link_script CMakeFiles/cmTC_48370.dir/link.txt --verbose=1
/usr/bin/cc      CMakeFiles/cmTC_48370.dir/testCCompiler.c.o  -o cmTC_48370 
make[1]: Leaving directory '/mnt/c/Users/Lukas/CLionProjects/vs/cmake-build-debug/CMakeFiles/CMakeTmp'



Determining if the CXX compiler works passed with the following output:
Change Dir: /mnt/c/Users/Lukas/CLionProjects/vs/cmake-build-debug/CMakeFiles/CMakeTmp

Run Build Command(s):/usr/bin/make cmTC_061ee/fast && /usr/bin/make  -f CMakeFiles/cmTC_061ee.dir/build.make CMakeFiles/cmTC_061ee.dir/build
make[1]: Entering directory '/mnt/c/Users/Lukas/CLionProjects/vs/cmake-build-debug/CMakeFiles/CMakeTmp'
Building CXX object CMakeFiles/cmTC_061ee.dir/testCXXCompiler.cxx.o
/usr/bin/c++     -o CMakeFiles/cmTC_061ee.dir/testCXXCompiler.cxx.o -c /mnt/c/Users/Lukas/CLionProjects/vs/cmake-build-debug/CMakeFiles/CMakeTmp/testCXXCompiler.cxx
Linking CXX executable cmTC_061ee
/opt/cmake-3.17.5-Linux-x86_64/bin/cmake -E cmake_link_script CMakeFiles/cmTC_061ee.dir/link.txt --verbose=1
/usr/bin/c++       CMakeFiles/cmTC_061ee.dir/testCXXCompiler.cxx.o  -o cmTC_061ee 
make[1]: Leaving directory '/mnt/c/Users/Lukas/CLionProjects/vs/cmake-build-debug/CMakeFiles/CMakeTmp'



